   Compiling proc-macro2 v1.0.106
   Compiling unicode-ident v1.0.24
   Compiling quote v1.0.45
   Compiling serde_core v1.0.228
   Compiling serde v1.0.228
   Compiling libc v0.2.183
   Compiling crossbeam-utils v0.8.21
    Checking memchr v2.8.0
    Checking regex-syntax v0.8.10
    Checking equivalent v1.0.2
    Checking hashbrown v0.16.1
   Compiling getrandom v0.4.2
    Checking winnow v0.7.15
   Compiling rustix v1.1.4
    Checking log v0.4.29
    Checking same-file v1.0.6
    Checking toml_write v0.1.2
    Checking bitflags v2.11.0
    Checking linux-raw-sys v0.12.1
    Checking cfg-if v1.0.4
    Checking fastrand v2.3.0
    Checking indexmap v2.13.0
    Checking aho-corasick v1.1.4
    Checking bstr v1.12.1
    Checking walkdir v2.5.0
    Checking once_cell v1.21.4
    Checking crossbeam-epoch v0.9.18
    Checking memmap2 v0.9.10
    Checking crossbeam-deque v0.8.6
    Checking regex-automata v0.4.14
    Checking tempfile v3.27.0
    Checking globset v0.4.18
    Checking ignore v0.4.25
   Compiling syn v2.0.117
   Compiling serde_derive v1.0.228
    Checking serde_spanned v0.6.9
    Checking toml_datetime v0.6.11
    Checking toml_edit v0.22.27
    Checking toml v0.8.23
    Checking codewalk v0.1.1 (/home/mukund-thiru/Santh/libs/codewalk)
    Finished `dev` profile [unoptimized + debuginfo] target(s) in 4.25s
